\BOOKMARK [0][]{chapter.1}{\376\377\0001\000\040\000I\000n\000t\000r\000o\000d\000u\000c\000t\000i\000o\000n\000\040\000t\000o\000\040\000E\000m\000b\000e\000d\000d\000e\000d\000\040\000S\000y\000s\000t\000e\000m\000s}{}% 1
\BOOKMARK [1][]{section.1.1}{\376\377\0001\000.\0001\000\040\000W\000h\000a\000t\000\040\000i\000s\000\040\000a\000n\000\040\000E\000m\000b\000e\000d\000d\000e\000d\000\040\000S\000y\000s\000t\000e\000m\000?}{chapter.1}% 2
\BOOKMARK [2][]{subsection.1.1.1}{\376\377\0001\000.\0001\000.\0001\000\040\000C\000o\000n\000t\000r\000a\000s\000t\000\040\000w\000i\000t\000h\000\040\000G\000e\000n\000e\000r\000a\000l\000-\000P\000u\000r\000p\000o\000s\000e\000\040\000C\000o\000m\000p\000u\000t\000e\000r\000s}{section.1.1}% 3
\BOOKMARK [2][]{subsection.1.1.2}{\376\377\0001\000.\0001\000.\0002\000\040\000R\000e\000a\000l\000-\000T\000i\000m\000e\000\040\000C\000o\000n\000s\000t\000r\000a\000i\000n\000t\000s}{section.1.1}% 4
\BOOKMARK [2][]{subsection.1.1.3}{\376\377\0001\000.\0001\000.\0003\000\040\000R\000e\000s\000o\000u\000r\000c\000e\000\040\000C\000o\000n\000s\000t\000r\000a\000i\000n\000t\000s}{section.1.1}% 5
\BOOKMARK [1][]{section.1.2}{\376\377\0001\000.\0002\000\040\000A\000p\000p\000l\000i\000c\000a\000t\000i\000o\000n\000\040\000D\000o\000m\000a\000i\000n\000s}{chapter.1}% 6
\BOOKMARK [2][]{subsection.1.2.1}{\376\377\0001\000.\0002\000.\0001\000\040\000C\000o\000n\000s\000u\000m\000e\000r\000\040\000E\000l\000e\000c\000t\000r\000o\000n\000i\000c\000s}{section.1.2}% 7
\BOOKMARK [2][]{subsection.1.2.2}{\376\377\0001\000.\0002\000.\0002\000\040\000A\000u\000t\000o\000m\000o\000t\000i\000v\000e}{section.1.2}% 8
\BOOKMARK [2][]{subsection.1.2.3}{\376\377\0001\000.\0002\000.\0003\000\040\000I\000n\000d\000u\000s\000t\000r\000i\000a\000l\000\040\000A\000u\000t\000o\000m\000a\000t\000i\000o\000n}{section.1.2}% 9
\BOOKMARK [2][]{subsection.1.2.4}{\376\377\0001\000.\0002\000.\0004\000\040\000M\000e\000d\000i\000c\000a\000l\000\040\000D\000e\000v\000i\000c\000e\000s}{section.1.2}% 10
\BOOKMARK [2][]{subsection.1.2.5}{\376\377\0001\000.\0002\000.\0005\000\040\000A\000e\000r\000o\000s\000p\000a\000c\000e\000\040\000a\000n\000d\000\040\000D\000e\000f\000e\000n\000c\000e}{section.1.2}% 11
\BOOKMARK [1][]{section.1.3}{\376\377\0001\000.\0003\000\040\000E\000m\000b\000e\000d\000d\000e\000d\000\040\000S\000y\000s\000t\000e\000m\000\040\000P\000l\000a\000t\000f\000o\000r\000m\000s}{chapter.1}% 12
\BOOKMARK [2][]{subsection.1.3.1}{\376\377\0001\000.\0003\000.\0001\000\040\000M\000i\000c\000r\000o\000p\000r\000o\000c\000e\000s\000s\000o\000r\000-\000B\000a\000s\000e\000d\000\040\000S\000y\000s\000t\000e\000m\000s}{section.1.3}% 13
\BOOKMARK [2][]{subsection.1.3.2}{\376\377\0001\000.\0003\000.\0002\000\040\000M\000i\000c\000r\000o\000c\000o\000n\000t\000r\000o\000l\000l\000e\000r\000-\000B\000a\000s\000e\000d\000\040\000S\000y\000s\000t\000e\000m\000s}{section.1.3}% 14
\BOOKMARK [2][]{subsection.1.3.3}{\376\377\0001\000.\0003\000.\0003\000\040\000S\000i\000n\000g\000l\000e\000\040\000B\000o\000a\000r\000d\000\040\000C\000o\000m\000p\000u\000t\000e\000r\000s\000\040\000\050\000S\000B\000C\000s\000\051}{section.1.3}% 15
\BOOKMARK [2][]{subsection.1.3.4}{\376\377\0001\000.\0003\000.\0004\000\040\000I\000n\000d\000u\000s\000t\000r\000i\000a\000l\000\040\000E\000m\000b\000e\000d\000d\000e\000d\000\040\000C\000o\000m\000p\000u\000t\000e\000r\000s}{section.1.3}% 16
\BOOKMARK [1][]{section.1.4}{\376\377\0001\000.\0004\000\040\000D\000e\000s\000i\000g\000n\000\040\000C\000h\000a\000l\000l\000e\000n\000g\000e\000s}{chapter.1}% 17
\BOOKMARK [2][]{subsection.1.4.1}{\376\377\0001\000.\0004\000.\0001\000\040\000P\000o\000w\000e\000r\000\040\000C\000o\000n\000s\000u\000m\000p\000t\000i\000o\000n}{section.1.4}% 18
\BOOKMARK [2][]{subsection.1.4.2}{\376\377\0001\000.\0004\000.\0002\000\040\000A\000r\000e\000a\000\040\000a\000n\000d\000\040\000C\000o\000s\000t}{section.1.4}% 19
\BOOKMARK [2][]{subsection.1.4.3}{\376\377\0001\000.\0004\000.\0003\000\040\000R\000e\000a\000l\000-\000T\000i\000m\000e\000\040\000R\000e\000s\000p\000o\000n\000s\000e}{section.1.4}% 20
\BOOKMARK [2][]{subsection.1.4.4}{\376\377\0001\000.\0004\000.\0004\000\040\000R\000e\000l\000i\000a\000b\000i\000l\000i\000t\000y\000\040\000a\000n\000d\000\040\000S\000a\000f\000e\000t\000y}{section.1.4}% 21
\BOOKMARK [2][]{subsection.1.4.5}{\376\377\0001\000.\0004\000.\0005\000\040\000S\000e\000c\000u\000r\000i\000t\000y}{section.1.4}% 22
\BOOKMARK [2][]{subsection.1.4.6}{\376\377\0001\000.\0004\000.\0006\000\040\000D\000e\000v\000e\000l\000o\000p\000m\000e\000n\000t\000\040\000C\000o\000m\000p\000l\000e\000x\000i\000t\000y}{section.1.4}% 23
\BOOKMARK [1][]{section.1.5}{\376\377\0001\000.\0005\000\040\000C\000a\000s\000e\000\040\000S\000t\000u\000d\000y\000:\000\040\000A\000n\000t\000i\000-\000L\000o\000c\000k\000\040\000B\000r\000a\000k\000i\000n\000g\000\040\000S\000y\000s\000t\000e\000m\000\040\000\050\000A\000B\000S\000\051}{chapter.1}% 24
\BOOKMARK [1][]{section.1.6}{\376\377\0001\000.\0006\000\040\000W\000o\000r\000k\000e\000d\000\040\000E\000x\000a\000m\000p\000l\000e\000s}{chapter.1}% 25
\BOOKMARK [1][]{section.1.7}{\376\377\0001\000.\0007\000\040\000P\000r\000a\000c\000t\000i\000c\000e\000\040\000P\000r\000o\000b\000l\000e\000m\000s}{chapter.1}% 26
\BOOKMARK [0][]{chapter.2}{\376\377\0002\000\040\000M\000i\000c\000r\000o\000p\000r\000o\000c\000e\000s\000s\000o\000r\000/\000M\000i\000c\000r\000o\000c\000o\000n\000t\000r\000o\000l\000l\000e\000r\000\040\000A\000r\000c\000h\000i\000t\000e\000c\000t\000u\000r\000e}{}% 27
\BOOKMARK [1][]{section.2.1}{\376\377\0002\000.\0001\000\040\000A\000\040\000R\000e\000p\000r\000e\000s\000e\000n\000t\000a\000t\000i\000v\000e\000\040\000M\000i\000c\000r\000o\000p\000r\000o\000c\000e\000s\000s\000o\000r\000\040\000A\000r\000c\000h\000i\000t\000e\000c\000t\000u\000r\000e}{chapter.2}% 28
\BOOKMARK [2][]{subsection.2.1.1}{\376\377\0002\000.\0001\000.\0001\000\040\000V\000o\000n\000\040\000N\000e\000u\000m\000a\000n\000n\000\040\000v\000s\000.\000\040\000H\000a\000r\000v\000a\000r\000d\000\040\000A\000r\000c\000h\000i\000t\000e\000c\000t\000u\000r\000e}{section.2.1}% 29
\BOOKMARK [2][]{subsection.2.1.2}{\376\377\0002\000.\0001\000.\0002\000\040\000C\000o\000r\000e\000\040\000C\000o\000m\000p\000o\000n\000e\000n\000t\000s}{section.2.1}% 30
\BOOKMARK [2][]{subsection.2.1.3}{\376\377\0002\000.\0001\000.\0003\000\040\000S\000y\000s\000t\000e\000m\000\040\000B\000u\000s\000e\000s}{section.2.1}% 31
\BOOKMARK [1][]{section.2.2}{\376\377\0002\000.\0002\000\040\000I\000n\000s\000t\000r\000u\000c\000t\000i\000o\000n\000\040\000S\000e\000t\000\040\000A\000r\000c\000h\000i\000t\000e\000c\000t\000u\000r\000e\000s\000\040\000\050\000I\000S\000A\000\051}{chapter.2}% 32
\BOOKMARK [2][]{subsection.2.2.1}{\376\377\0002\000.\0002\000.\0001\000\040\000C\000I\000S\000C\000\040\000v\000s\000.\000\040\000R\000I\000S\000C\000\040\000P\000h\000i\000l\000o\000s\000o\000p\000h\000y}{section.2.2}% 33
\BOOKMARK [2][]{subsection.2.2.2}{\376\377\0002\000.\0002\000.\0002\000\040\000I\000n\000s\000t\000r\000u\000c\000t\000i\000o\000n\000\040\000F\000o\000r\000m\000a\000t\000s}{section.2.2}% 34
\BOOKMARK [2][]{subsection.2.2.3}{\376\377\0002\000.\0002\000.\0003\000\040\000A\000d\000d\000r\000e\000s\000s\000i\000n\000g\000\040\000M\000o\000d\000e\000s}{section.2.2}% 35
\BOOKMARK [2][]{subsection.2.2.4}{\376\377\0002\000.\0002\000.\0004\000\040\000A\000R\000M\000\040\000I\000S\000A\000\040\000O\000v\000e\000r\000v\000i\000e\000w}{section.2.2}% 36
\BOOKMARK [1][]{section.2.3}{\376\377\0002\000.\0003\000\040\000I\000n\000s\000t\000r\000u\000c\000t\000i\000o\000n\000\040\000F\000e\000t\000c\000h\000\040\000a\000n\000d\000\040\000E\000x\000e\000c\000u\000t\000i\000o\000n\000\040\000C\000y\000c\000l\000e\000s}{chapter.2}% 37
\BOOKMARK [2][]{subsection.2.3.1}{\376\377\0002\000.\0003\000.\0001\000\040\000S\000i\000n\000g\000l\000e\000-\000C\000y\000c\000l\000e\000\040\000a\000n\000d\000\040\000M\000u\000l\000t\000i\000-\000C\000y\000c\000l\000e\000\040\000E\000x\000e\000c\000u\000t\000i\000o\000n}{section.2.3}% 38
\BOOKMARK [2][]{subsection.2.3.2}{\376\377\0002\000.\0003\000.\0002\000\040\000P\000i\000p\000e\000l\000i\000n\000i\000n\000g}{section.2.3}% 39
\BOOKMARK [2][]{subsection.2.3.3}{\376\377\0002\000.\0003\000.\0003\000\040\000P\000i\000p\000e\000l\000i\000n\000e\000\040\000H\000a\000z\000a\000r\000d\000s}{section.2.3}% 40
\BOOKMARK [2][]{subsection.2.3.4}{\376\377\0002\000.\0003\000.\0004\000\040\000B\000r\000a\000n\000c\000h\000\040\000P\000r\000e\000d\000i\000c\000t\000i\000o\000n}{section.2.3}% 41
\BOOKMARK [1][]{section.2.4}{\376\377\0002\000.\0004\000\040\000M\000i\000c\000r\000o\000c\000o\000n\000t\000r\000o\000l\000l\000e\000r\000\040\000I\000n\000t\000e\000r\000n\000a\000l\000s}{chapter.2}% 42
\BOOKMARK [2][]{subsection.2.4.1}{\376\377\0002\000.\0004\000.\0001\000\040\000O\000n\000-\000C\000h\000i\000p\000\040\000P\000e\000r\000i\000p\000h\000e\000r\000a\000l\000s}{section.2.4}% 43
\BOOKMARK [2][]{subsection.2.4.2}{\376\377\0002\000.\0004\000.\0002\000\040\000M\000e\000m\000o\000r\000y\000\040\000M\000a\000p\000\040\000o\000f\000\040\000a\000\040\000T\000y\000p\000i\000c\000a\000l\000\040\000M\000C\000U}{section.2.4}% 44
\BOOKMARK [2][]{subsection.2.4.3}{\376\377\0002\000.\0004\000.\0003\000\040\000I\000n\000t\000e\000r\000r\000u\000p\000t\000\040\000H\000a\000n\000d\000l\000i\000n\000g}{section.2.4}% 45
\BOOKMARK [1][]{section.2.5}{\376\377\0002\000.\0005\000\040\000A\000R\000M\000\040\000A\000s\000s\000e\000m\000b\000l\000y\000\040\000C\000o\000d\000e\000\040\000E\000x\000a\000m\000p\000l\000e\000s}{chapter.2}% 46
\BOOKMARK [2][]{subsection.2.5.1}{\376\377\0002\000.\0005\000.\0001\000\040\000D\000a\000t\000a\000\040\000P\000r\000o\000c\000e\000s\000s\000i\000n\000g\000\040\000I\000n\000s\000t\000r\000u\000c\000t\000i\000o\000n\000s}{section.2.5}% 47
\BOOKMARK [2][]{subsection.2.5.2}{\376\377\0002\000.\0005\000.\0002\000\040\000L\000o\000a\000d\000/\000S\000t\000o\000r\000e\000\040\000a\000n\000d\000\040\000B\000r\000a\000n\000c\000h\000\040\000I\000n\000s\000t\000r\000u\000c\000t\000i\000o\000n\000s}{section.2.5}% 48
\BOOKMARK [2][]{subsection.2.5.3}{\376\377\0002\000.\0005\000.\0003\000\040\000C\000\040\000C\000o\000d\000e\000\040\000w\000i\000t\000h\000\040\000I\000n\000l\000i\000n\000e\000\040\000A\000s\000s\000e\000m\000b\000l\000y}{section.2.5}% 49
\BOOKMARK [1][]{section.2.6}{\376\377\0002\000.\0006\000\040\000W\000o\000r\000k\000e\000d\000\040\000E\000x\000a\000m\000p\000l\000e\000s}{chapter.2}% 50
\BOOKMARK [1][]{section.2.7}{\376\377\0002\000.\0007\000\040\000P\000r\000a\000c\000t\000i\000c\000e\000\040\000P\000r\000o\000b\000l\000e\000m\000s}{chapter.2}% 51
\BOOKMARK [0][]{chapter.3}{\376\377\0003\000\040\000E\000m\000b\000e\000d\000d\000e\000d\000\040\000P\000r\000o\000c\000e\000s\000s\000o\000r\000s}{}% 52
\BOOKMARK [1][]{section.3.1}{\376\377\0003\000.\0001\000\040\000T\000y\000p\000e\000s\000\040\000o\000f\000\040\000E\000m\000b\000e\000d\000d\000e\000d\000\040\000P\000r\000o\000c\000e\000s\000s\000o\000r\000s}{chapter.3}% 53
\BOOKMARK [2][]{subsection.3.1.1}{\376\377\0003\000.\0001\000.\0001\000\040\000G\000e\000n\000e\000r\000a\000l\000-\000P\000u\000r\000p\000o\000s\000e\000\040\000M\000i\000c\000r\000o\000c\000o\000n\000t\000r\000o\000l\000l\000e\000r\000s}{section.3.1}% 54
\BOOKMARK [2][]{subsection.3.1.2}{\376\377\0003\000.\0001\000.\0002\000\040\000D\000i\000g\000i\000t\000a\000l\000\040\000S\000i\000g\000n\000a\000l\000\040\000P\000r\000o\000c\000e\000s\000s\000o\000r\000s\000\040\000\050\000D\000S\000P\000s\000\051}{section.3.1}% 55
\BOOKMARK [2][]{subsection.3.1.3}{\376\377\0003\000.\0001\000.\0003\000\040\000A\000p\000p\000l\000i\000c\000a\000t\000i\000o\000n\000\040\000P\000r\000o\000c\000e\000s\000s\000o\000r\000s}{section.3.1}% 56
\BOOKMARK [2][]{subsection.3.1.4}{\376\377\0003\000.\0001\000.\0004\000\040\000F\000P\000G\000A\000s\000\040\000a\000n\000d\000\040\000R\000e\000c\000o\000n\000f\000i\000g\000u\000r\000a\000b\000l\000e\000\040\000C\000o\000m\000p\000u\000t\000i\000n\000g}{section.3.1}% 57
\BOOKMARK [2][]{subsection.3.1.5}{\376\377\0003\000.\0001\000.\0005\000\040\000A\000S\000I\000C\000s\000\040\000\050\000A\000p\000p\000l\000i\000c\000a\000t\000i\000o\000n\000-\000S\000p\000e\000c\000i\000f\000i\000c\000\040\000I\000n\000t\000e\000g\000r\000a\000t\000e\000d\000\040\000C\000i\000r\000c\000u\000i\000t\000s\000\051}{section.3.1}% 58
\BOOKMARK [1][]{section.3.2}{\376\377\0003\000.\0002\000\040\000A\000R\000M\000\040\000P\000r\000o\000c\000e\000s\000s\000o\000r\000\040\000F\000a\000m\000i\000l\000y}{chapter.3}% 59
\BOOKMARK [2][]{subsection.3.2.1}{\376\377\0003\000.\0002\000.\0001\000\040\000C\000o\000r\000t\000e\000x\000-\000M\000:\000\040\000M\000i\000c\000r\000o\000c\000o\000n\000t\000r\000o\000l\000l\000e\000r\000\040\000P\000r\000o\000f\000i\000l\000e}{section.3.2}% 60
\BOOKMARK [2][]{subsection.3.2.2}{\376\377\0003\000.\0002\000.\0002\000\040\000C\000o\000r\000t\000e\000x\000-\000R\000:\000\040\000R\000e\000a\000l\000-\000T\000i\000m\000e\000\040\000P\000r\000o\000f\000i\000l\000e}{section.3.2}% 61
\BOOKMARK [2][]{subsection.3.2.3}{\376\377\0003\000.\0002\000.\0003\000\040\000C\000o\000r\000t\000e\000x\000-\000A\000:\000\040\000A\000p\000p\000l\000i\000c\000a\000t\000i\000o\000n\000\040\000P\000r\000o\000f\000i\000l\000e}{section.3.2}% 62
\BOOKMARK [2][]{subsection.3.2.4}{\376\377\0003\000.\0002\000.\0004\000\040\000T\000h\000u\000m\000b\000-\0002\000\040\000I\000S\000A\000\040\000D\000e\000e\000p\000\040\000D\000i\000v\000e}{section.3.2}% 63
\BOOKMARK [2][]{subsection.3.2.5}{\376\377\0003\000.\0002\000.\0005\000\040\000C\000M\000S\000I\000S\000\040\000S\000t\000a\000n\000d\000a\000r\000d}{section.3.2}% 64
\BOOKMARK [1][]{section.3.3}{\376\377\0003\000.\0003\000\040\000S\000H\000A\000R\000C\000\040\000P\000r\000o\000c\000e\000s\000s\000o\000r\000s\000\040\000\050\000A\000n\000a\000l\000o\000g\000\040\000D\000e\000v\000i\000c\000e\000s\000\051}{chapter.3}% 65
\BOOKMARK [1][]{section.3.4}{\376\377\0003\000.\0004\000\040\000E\000m\000b\000e\000d\000d\000e\000d\000\040\000S\000y\000s\000t\000e\000m\000s\000\040\000P\000r\000o\000g\000r\000a\000m\000m\000i\000n\000g}{chapter.3}% 66
\BOOKMARK [2][]{subsection.3.4.1}{\376\377\0003\000.\0004\000.\0001\000\040\000B\000a\000r\000e\000-\000M\000e\000t\000a\000l\000\040\000C\000\040\000P\000r\000o\000g\000r\000a\000m\000m\000i\000n\000g\000\040\000I\000d\000i\000o\000m\000s}{section.3.4}% 67
\BOOKMARK [2][]{subsection.3.4.2}{\376\377\0003\000.\0004\000.\0002\000\040\000S\000t\000a\000r\000t\000u\000p\000\040\000C\000o\000d\000e\000\040\000a\000n\000d\000\040\000L\000i\000n\000k\000e\000r\000\040\000S\000c\000r\000i\000p\000t\000s}{section.3.4}% 68
\BOOKMARK [2][]{subsection.3.4.3}{\376\377\0003\000.\0004\000.\0003\000\040\000M\000e\000m\000o\000r\000y\000\040\000S\000e\000c\000t\000i\000o\000n\000s}{section.3.4}% 69
\BOOKMARK [2][]{subsection.3.4.4}{\376\377\0003\000.\0004\000.\0004\000\040\000C\000r\000o\000s\000s\000-\000C\000o\000m\000p\000i\000l\000a\000t\000i\000o\000n\000\040\000T\000o\000o\000l\000c\000h\000a\000i\000n}{section.3.4}% 70
\BOOKMARK [1][]{section.3.5}{\376\377\0003\000.\0005\000\040\000P\000a\000r\000a\000l\000l\000e\000l\000i\000s\000m\000\040\000i\000n\000\040\000E\000m\000b\000e\000d\000d\000e\000d\000\040\000S\000y\000s\000t\000e\000m\000s}{chapter.3}% 71
\BOOKMARK [2][]{subsection.3.5.1}{\376\377\0003\000.\0005\000.\0001\000\040\000I\000n\000s\000t\000r\000u\000c\000t\000i\000o\000n\000-\000L\000e\000v\000e\000l\000\040\000P\000a\000r\000a\000l\000l\000e\000l\000i\000s\000m\000\040\000\050\000I\000L\000P\000\051}{section.3.5}% 72
\BOOKMARK [2][]{subsection.3.5.2}{\376\377\0003\000.\0005\000.\0002\000\040\000T\000a\000s\000k\000-\000L\000e\000v\000e\000l\000\040\000P\000a\000r\000a\000l\000l\000e\000l\000i\000s\000m}{section.3.5}% 73
\BOOKMARK [2][]{subsection.3.5.3}{\376\377\0003\000.\0005\000.\0003\000\040\000H\000a\000r\000d\000w\000a\000r\000e\000\040\000P\000a\000r\000a\000l\000l\000e\000l\000i\000s\000m}{section.3.5}% 74
\BOOKMARK [2][]{subsection.3.5.4}{\376\377\0003\000.\0005\000.\0004\000\040\000S\000I\000M\000D\000\040\000f\000o\000r\000\040\000E\000m\000b\000e\000d\000d\000e\000d\000:\000\040\000A\000R\000M\000\040\000N\000E\000O\000N}{section.3.5}% 75
\BOOKMARK [1][]{section.3.6}{\376\377\0003\000.\0006\000\040\000W\000o\000r\000k\000e\000d\000\040\000E\000x\000a\000m\000p\000l\000e\000s}{chapter.3}% 76
\BOOKMARK [1][]{section.3.7}{\376\377\0003\000.\0007\000\040\000P\000r\000a\000c\000t\000i\000c\000e\000\040\000P\000r\000o\000b\000l\000e\000m\000s}{chapter.3}% 77
\BOOKMARK [0][]{chapter.4}{\376\377\0004\000\040\000M\000e\000m\000o\000r\000y\000\040\000A\000r\000c\000h\000i\000t\000e\000c\000t\000u\000r\000e\000s}{}% 78
\BOOKMARK [1][]{section.4.1}{\376\377\0004\000.\0001\000\040\000M\000e\000m\000o\000r\000y\000\040\000T\000e\000c\000h\000n\000o\000l\000o\000g\000i\000e\000s}{chapter.4}% 79
\BOOKMARK [2][]{subsection.4.1.1}{\376\377\0004\000.\0001\000.\0001\000\040\000S\000R\000A\000M\000\040\000\050\000S\000t\000a\000t\000i\000c\000\040\000R\000a\000n\000d\000o\000m\000-\000A\000c\000c\000e\000s\000s\000\040\000M\000e\000m\000o\000r\000y\000\051}{section.4.1}% 80
\BOOKMARK [2][]{subsection.4.1.2}{\376\377\0004\000.\0001\000.\0002\000\040\000D\000R\000A\000M\000\040\000\050\000D\000y\000n\000a\000m\000i\000c\000\040\000R\000a\000n\000d\000o\000m\000-\000A\000c\000c\000e\000s\000s\000\040\000M\000e\000m\000o\000r\000y\000\051}{section.4.1}% 81
\BOOKMARK [2][]{subsection.4.1.3}{\376\377\0004\000.\0001\000.\0003\000\040\000F\000l\000a\000s\000h\000\040\000M\000e\000m\000o\000r\000y}{section.4.1}% 82
\BOOKMARK [2][]{subsection.4.1.4}{\376\377\0004\000.\0001\000.\0004\000\040\000E\000E\000P\000R\000O\000M}{section.4.1}% 83
\BOOKMARK [2][]{subsection.4.1.5}{\376\377\0004\000.\0001\000.\0005\000\040\000R\000O\000M\000\040\000V\000a\000r\000i\000a\000n\000t\000s}{section.4.1}% 84
\BOOKMARK [2][]{subsection.4.1.6}{\376\377\0004\000.\0001\000.\0006\000\040\000E\000m\000e\000r\000g\000i\000n\000g\000\040\000N\000o\000n\000-\000V\000o\000l\000a\000t\000i\000l\000e\000\040\000M\000e\000m\000o\000r\000i\000e\000s}{section.4.1}% 85
\BOOKMARK [1][]{section.4.2}{\376\377\0004\000.\0002\000\040\000M\000e\000m\000o\000r\000y\000\040\000H\000i\000e\000r\000a\000r\000c\000h\000y}{chapter.4}% 86
\BOOKMARK [2][]{subsection.4.2.1}{\376\377\0004\000.\0002\000.\0001\000\040\000L\000o\000c\000a\000l\000i\000t\000y\000\040\000o\000f\000\040\000R\000e\000f\000e\000r\000e\000n\000c\000e}{section.4.2}% 87
\BOOKMARK [2][]{subsection.4.2.2}{\376\377\0004\000.\0002\000.\0002\000\040\000C\000a\000c\000h\000e\000\040\000O\000p\000e\000r\000a\000t\000i\000o\000n}{section.4.2}% 88
\BOOKMARK [2][]{subsection.4.2.3}{\376\377\0004\000.\0002\000.\0003\000\040\000C\000a\000c\000h\000e\000\040\000C\000o\000h\000e\000r\000e\000n\000c\000y\000\040\000i\000n\000\040\000M\000u\000l\000t\000i\000c\000o\000r\000e\000\040\000S\000y\000s\000t\000e\000m\000s}{section.4.2}% 89
\BOOKMARK [1][]{section.4.3}{\376\377\0004\000.\0003\000\040\000M\000e\000m\000o\000r\000y\000\040\000M\000o\000d\000e\000l\000s\000\040\000a\000n\000d\000\040\000M\000a\000p\000p\000i\000n\000g}{chapter.4}% 90
\BOOKMARK [2][]{subsection.4.3.1}{\376\377\0004\000.\0003\000.\0001\000\040\000P\000h\000y\000s\000i\000c\000a\000l\000\040\000v\000s\000.\000\040\000V\000i\000r\000t\000u\000a\000l\000\040\000M\000e\000m\000o\000r\000y}{section.4.3}% 91
\BOOKMARK [2][]{subsection.4.3.2}{\376\377\0004\000.\0003\000.\0002\000\040\000M\000e\000m\000o\000r\000y\000-\000M\000a\000p\000p\000e\000d\000\040\000I\000/\000O}{section.4.3}% 92
\BOOKMARK [2][]{subsection.4.3.3}{\376\377\0004\000.\0003\000.\0003\000\040\000D\000M\000A\000\040\000\050\000D\000i\000r\000e\000c\000t\000\040\000M\000e\000m\000o\000r\000y\000\040\000A\000c\000c\000e\000s\000s\000\051}{section.4.3}% 93
\BOOKMARK [1][]{section.4.4}{\376\377\0004\000.\0004\000\040\000W\000o\000r\000k\000e\000d\000\040\000E\000x\000a\000m\000p\000l\000e\000s}{chapter.4}% 94
\BOOKMARK [1][]{section.4.5}{\376\377\0004\000.\0005\000\040\000P\000r\000a\000c\000t\000i\000c\000e\000\040\000P\000r\000o\000b\000l\000e\000m\000s}{chapter.4}% 95
\BOOKMARK [0][]{chapter.5}{\376\377\0005\000\040\000I\000/\000O\000\040\000P\000o\000r\000t\000s}{}% 96
\BOOKMARK [1][]{section.5.1}{\376\377\0005\000.\0001\000\040\000I\000/\000O\000\040\000H\000a\000r\000d\000w\000a\000r\000e}{chapter.5}% 97
\BOOKMARK [2][]{subsection.5.1.1}{\376\377\0005\000.\0001\000.\0001\000\040\000D\000i\000g\000i\000t\000a\000l\000\040\000G\000P\000I\000O}{section.5.1}% 98
\BOOKMARK [2][]{subsection.5.1.2}{\376\377\0005\000.\0001\000.\0002\000\040\000A\000n\000a\000l\000o\000g\000\040\000I\000/\000O}{section.5.1}% 99
\BOOKMARK [2][]{subsection.5.1.3}{\376\377\0005\000.\0001\000.\0003\000\040\000S\000i\000g\000n\000a\000l\000\040\000C\000o\000n\000d\000i\000t\000i\000o\000n\000i\000n\000g}{section.5.1}% 100
\BOOKMARK [1][]{section.5.2}{\376\377\0005\000.\0002\000\040\000M\000i\000c\000r\000o\000p\000r\000o\000c\000e\000s\000s\000o\000r\000/\000M\000i\000c\000r\000o\000c\000o\000n\000t\000r\000o\000l\000l\000e\000r\000\040\000I\000n\000t\000e\000r\000f\000a\000c\000i\000n\000g}{chapter.5}% 101
\BOOKMARK [2][]{subsection.5.2.1}{\376\377\0005\000.\0002\000.\0001\000\040\000P\000o\000l\000l\000i\000n\000g\000\040\000v\000s\000.\000\040\000I\000n\000t\000e\000r\000r\000u\000p\000t\000-\000D\000r\000i\000v\000e\000n\000\040\000I\000/\000O\000\040\000v\000s\000.\000\040\000D\000M\000A}{section.5.2}% 102
\BOOKMARK [2][]{subsection.5.2.2}{\376\377\0005\000.\0002\000.\0002\000\040\000I\000S\000R\000\040\000D\000e\000s\000i\000g\000n\000\040\000R\000u\000l\000e\000s}{section.5.2}% 103
\BOOKMARK [2][]{subsection.5.2.3}{\376\377\0005\000.\0002\000.\0003\000\040\000G\000P\000I\000O\000\040\000R\000e\000g\000i\000s\000t\000e\000r\000\040\000P\000r\000o\000g\000r\000a\000m\000m\000i\000n\000g}{section.5.2}% 104
\BOOKMARK [1][]{section.5.3}{\376\377\0005\000.\0003\000\040\000A\000n\000a\000l\000o\000g\000\040\000a\000n\000d\000\040\000D\000i\000g\000i\000t\000a\000l\000\040\000I\000n\000t\000e\000r\000f\000a\000c\000e\000s}{chapter.5}% 105
\BOOKMARK [2][]{subsection.5.3.1}{\376\377\0005\000.\0003\000.\0001\000\040\000A\000D\000C\000:\000\040\000R\000e\000s\000o\000l\000u\000t\000i\000o\000n\000\040\000a\000n\000d\000\040\000S\000a\000m\000p\000l\000i\000n\000g}{section.5.3}% 106
\BOOKMARK [2][]{subsection.5.3.2}{\376\377\0005\000.\0003\000.\0002\000\040\000P\000W\000M\000\040\000\050\000P\000u\000l\000s\000e\000\040\000W\000i\000d\000t\000h\000\040\000M\000o\000d\000u\000l\000a\000t\000i\000o\000n\000\051}{section.5.3}% 107
\BOOKMARK [1][]{section.5.4}{\376\377\0005\000.\0004\000\040\000S\000e\000q\000u\000e\000n\000t\000i\000a\000l\000\040\000I\000n\000t\000e\000r\000f\000a\000c\000e\000s}{chapter.5}% 108
\BOOKMARK [2][]{subsection.5.4.1}{\376\377\0005\000.\0004\000.\0001\000\040\000U\000A\000R\000T\000\040\000\050\000U\000n\000i\000v\000e\000r\000s\000a\000l\000\040\000A\000s\000y\000n\000c\000h\000r\000o\000n\000o\000u\000s\000\040\000R\000e\000c\000e\000i\000v\000e\000r\000/\000T\000r\000a\000n\000s\000m\000i\000t\000t\000e\000r\000\051}{section.5.4}% 109
\BOOKMARK [2][]{subsection.5.4.2}{\376\377\0005\000.\0004\000.\0002\000\040\000S\000P\000I\000\040\000\050\000S\000e\000r\000i\000a\000l\000\040\000P\000e\000r\000i\000p\000h\000e\000r\000a\000l\000\040\000I\000n\000t\000e\000r\000f\000a\000c\000e\000\051}{section.5.4}% 110
\BOOKMARK [2][]{subsection.5.4.3}{\376\377\0005\000.\0004\000.\0003\000\040\000I\0002\000C\000\040\000\050\000I\000n\000t\000e\000r\000-\000I\000n\000t\000e\000g\000r\000a\000t\000e\000d\000\040\000C\000i\000r\000c\000u\000i\000t\000\051}{section.5.4}% 111
\BOOKMARK [2][]{subsection.5.4.4}{\376\377\0005\000.\0004\000.\0004\000\040\000O\000t\000h\000e\000r\000\040\000B\000u\000s\000e\000s}{section.5.4}% 112
\BOOKMARK [1][]{section.5.5}{\376\377\0005\000.\0005\000\040\000C\000o\000d\000e\000\040\000E\000x\000a\000m\000p\000l\000e\000s}{chapter.5}% 113
\BOOKMARK [1][]{section.5.6}{\376\377\0005\000.\0006\000\040\000W\000o\000r\000k\000e\000d\000\040\000E\000x\000a\000m\000p\000l\000e\000s}{chapter.5}% 114
\BOOKMARK [1][]{section.5.7}{\376\377\0005\000.\0007\000\040\000P\000r\000a\000c\000t\000i\000c\000e\000\040\000P\000r\000o\000b\000l\000e\000m\000s}{chapter.5}% 115
\BOOKMARK [0][]{chapter.6}{\376\377\0006\000\040\000M\000u\000l\000t\000i\000t\000a\000s\000k\000i\000n\000g}{}% 116
\BOOKMARK [1][]{section.6.1}{\376\377\0006\000.\0001\000\040\000I\000m\000p\000e\000r\000a\000t\000i\000v\000e\000\040\000P\000r\000o\000g\000r\000a\000m\000s\000\040\040\024\000\040\000S\000i\000n\000g\000l\000e\000\040\000T\000a\000s\000k\000\040\000B\000a\000s\000e\000l\000i\000n\000e}{chapter.6}% 117
\BOOKMARK [2][]{subsection.6.1.1}{\376\377\0006\000.\0001\000.\0001\000\040\000S\000u\000p\000e\000r\000-\000L\000o\000o\000p\000\040\000A\000r\000c\000h\000i\000t\000e\000c\000t\000u\000r\000e}{section.6.1}% 118
\BOOKMARK [2][]{subsection.6.1.2}{\376\377\0006\000.\0001\000.\0002\000\040\000S\000t\000a\000t\000e\000\040\000M\000a\000c\000h\000i\000n\000e\000\040\000A\000p\000p\000r\000o\000a\000c\000h}{section.6.1}% 119
\BOOKMARK [1][]{section.6.2}{\376\377\0006\000.\0002\000\040\000P\000r\000o\000c\000e\000s\000s\000e\000s\000\040\000a\000n\000d\000\040\000T\000h\000r\000e\000a\000d\000s}{chapter.6}% 120
\BOOKMARK [2][]{subsection.6.2.1}{\376\377\0006\000.\0002\000.\0001\000\040\000T\000h\000r\000e\000a\000d\000\040\000S\000t\000a\000t\000e\000s}{section.6.2}% 121
\BOOKMARK [1][]{section.6.3}{\376\377\0006\000.\0003\000\040\000C\000o\000n\000t\000e\000x\000t\000\040\000S\000w\000i\000t\000c\000h\000i\000n\000g\000\040\000M\000e\000c\000h\000a\000n\000i\000c\000s}{chapter.6}% 122
\BOOKMARK [2][]{subsection.6.3.1}{\376\377\0006\000.\0003\000.\0001\000\040\000W\000h\000a\000t\000\040\000I\000s\000\040\000S\000a\000v\000e\000d}{section.6.3}% 123
\BOOKMARK [2][]{subsection.6.3.2}{\376\377\0006\000.\0003\000.\0002\000\040\000A\000R\000M\000\040\000C\000o\000r\000t\000e\000x\000-\000M\000:\000\040\000P\000S\000P\000\040\000v\000s\000.\000\040\000M\000S\000P}{section.6.3}% 124
\BOOKMARK [2][]{subsection.6.3.3}{\376\377\0006\000.\0003\000.\0003\000\040\000P\000e\000n\000d\000S\000V\000\040\000C\000o\000n\000t\000e\000x\000t\000\040\000S\000w\000i\000t\000c\000h}{section.6.3}% 125
\BOOKMARK [2][]{subsection.6.3.4}{\376\377\0006\000.\0003\000.\0004\000\040\000C\000o\000n\000t\000e\000x\000t\000\040\000S\000w\000i\000t\000c\000h\000\040\000O\000v\000e\000r\000h\000e\000a\000d}{section.6.3}% 126
\BOOKMARK [1][]{section.6.4}{\376\377\0006\000.\0004\000\040\000I\000n\000t\000e\000r\000-\000T\000a\000s\000k\000\040\000C\000o\000m\000m\000u\000n\000i\000c\000a\000t\000i\000o\000n}{chapter.6}% 127
\BOOKMARK [2][]{subsection.6.4.1}{\376\377\0006\000.\0004\000.\0001\000\040\000S\000h\000a\000r\000e\000d\000\040\000M\000e\000m\000o\000r\000y\000\040\000w\000i\000t\000h\000\040\000M\000u\000t\000e\000x\000e\000s}{section.6.4}% 128
\BOOKMARK [2][]{subsection.6.4.2}{\376\377\0006\000.\0004\000.\0002\000\040\000M\000e\000s\000s\000a\000g\000e\000\040\000P\000a\000s\000s\000i\000n\000g\000:\000\040\000Q\000u\000e\000u\000e\000s\000\040\000a\000n\000d\000\040\000M\000a\000i\000l\000b\000o\000x\000e\000s}{section.6.4}% 129
\BOOKMARK [2][]{subsection.6.4.3}{\376\377\0006\000.\0004\000.\0003\000\040\000S\000e\000m\000a\000p\000h\000o\000r\000e\000s}{section.6.4}% 130
\BOOKMARK [2][]{subsection.6.4.4}{\376\377\0006\000.\0004\000.\0004\000\040\000E\000v\000e\000n\000t\000\040\000F\000l\000a\000g\000s\000\040\000/\000\040\000E\000v\000e\000n\000t\000\040\000G\000r\000o\000u\000p\000s}{section.6.4}% 131
\BOOKMARK [1][]{section.6.5}{\376\377\0006\000.\0005\000\040\000F\000r\000e\000e\000R\000T\000O\000S\000\040\000a\000s\000\040\000a\000\040\000C\000o\000n\000c\000r\000e\000t\000e\000\040\000E\000x\000a\000m\000p\000l\000e}{chapter.6}% 132
\BOOKMARK [1][]{section.6.6}{\376\377\0006\000.\0006\000\040\000W\000o\000r\000k\000e\000d\000\040\000E\000x\000a\000m\000p\000l\000e\000s}{chapter.6}% 133
\BOOKMARK [1][]{section.6.7}{\376\377\0006\000.\0007\000\040\000P\000r\000a\000c\000t\000i\000c\000e\000\040\000P\000r\000o\000b\000l\000e\000m\000s}{chapter.6}% 134
\BOOKMARK [0][]{chapter.7}{\376\377\0007\000\040\000T\000a\000s\000k\000\040\000S\000c\000h\000e\000d\000u\000l\000i\000n\000g}{}% 135
\BOOKMARK [1][]{section.7.1}{\376\377\0007\000.\0001\000\040\000S\000c\000h\000e\000d\000u\000l\000i\000n\000g\000\040\000F\000u\000n\000d\000a\000m\000e\000n\000t\000a\000l\000s}{chapter.7}% 136
\BOOKMARK [2][]{subsection.7.1.1}{\376\377\0007\000.\0001\000.\0001\000\040\000T\000a\000s\000k\000\040\000M\000o\000d\000e\000l}{section.7.1}% 137
\BOOKMARK [2][]{subsection.7.1.2}{\376\377\0007\000.\0001\000.\0002\000\040\000C\000l\000a\000s\000s\000i\000f\000i\000c\000a\000t\000i\000o\000n\000\040\000o\000f\000\040\000S\000c\000h\000e\000d\000u\000l\000e\000r\000s}{section.7.1}% 138
\BOOKMARK [1][]{section.7.2}{\376\377\0007\000.\0002\000\040\000R\000a\000t\000e\000\040\000M\000o\000n\000o\000t\000o\000n\000i\000c\000\040\000S\000c\000h\000e\000d\000u\000l\000i\000n\000g\000\040\000\050\000R\000M\000S\000\051}{chapter.7}% 139
\BOOKMARK [2][]{subsection.7.2.1}{\376\377\0007\000.\0002\000.\0001\000\040\000R\000M\000S\000\040\000U\000t\000i\000l\000i\000s\000a\000t\000i\000o\000n\000\040\000B\000o\000u\000n\000d}{section.7.2}% 140
\BOOKMARK [2][]{subsection.7.2.2}{\376\377\0007\000.\0002\000.\0002\000\040\000R\000e\000s\000p\000o\000n\000s\000e\000\040\000T\000i\000m\000e\000\040\000A\000n\000a\000l\000y\000s\000i\000s\000\040\000\050\000R\000T\000A\000\051}{section.7.2}% 141
\BOOKMARK [1][]{section.7.3}{\376\377\0007\000.\0003\000\040\000E\000a\000r\000l\000i\000e\000s\000t\000\040\000D\000e\000a\000d\000l\000i\000n\000e\000\040\000F\000i\000r\000s\000t\000\040\000\050\000E\000D\000F\000\051}{chapter.7}% 142
\BOOKMARK [2][]{subsection.7.3.1}{\376\377\0007\000.\0003\000.\0001\000\040\000C\000o\000m\000p\000a\000r\000i\000s\000o\000n\000:\000\040\000R\000M\000S\000\040\000v\000s\000.\000\040\000E\000D\000F}{section.7.3}% 143
\BOOKMARK [1][]{section.7.4}{\376\377\0007\000.\0004\000\040\000D\000e\000a\000d\000l\000i\000n\000e\000\040\000M\000o\000n\000o\000t\000o\000n\000i\000c\000\040\000S\000c\000h\000e\000d\000u\000l\000i\000n\000g\000\040\000\050\000D\000M\000S\000\051}{chapter.7}% 144
\BOOKMARK [1][]{section.7.5}{\376\377\0007\000.\0005\000\040\000G\000a\000n\000t\000t\000\040\000C\000h\000a\000r\000t\000s}{chapter.7}% 145
\BOOKMARK [1][]{section.7.6}{\376\377\0007\000.\0006\000\040\000M\000u\000l\000t\000i\000p\000r\000o\000c\000e\000s\000s\000o\000r\000\040\000S\000c\000h\000e\000d\000u\000l\000i\000n\000g}{chapter.7}% 146
\BOOKMARK [1][]{section.7.7}{\376\377\0007\000.\0007\000\040\000W\000o\000r\000s\000t\000-\000C\000a\000s\000e\000\040\000E\000x\000e\000c\000u\000t\000i\000o\000n\000\040\000T\000i\000m\000e\000\040\000\050\000W\000C\000E\000T\000\051}{chapter.7}% 147
\BOOKMARK [1][]{section.7.8}{\376\377\0007\000.\0008\000\040\000P\000r\000a\000c\000t\000i\000c\000e\000\040\000P\000r\000o\000b\000l\000e\000m\000s}{chapter.7}% 148
\BOOKMARK [0][]{chapter.8}{\376\377\0008\000\040\000A\000n\000a\000l\000y\000s\000i\000s\000\040\000a\000n\000d\000\040\000V\000e\000r\000i\000f\000i\000c\000a\000t\000i\000o\000n\000\040\000o\000f\000\040\000E\000m\000b\000e\000d\000d\000e\000d\000\040\000S\000y\000s\000t\000e\000m\000s}{}% 149
\BOOKMARK [1][]{section.8.1}{\376\377\0008\000.\0001\000\040\000P\000e\000r\000f\000o\000r\000m\000a\000n\000c\000e\000\040\000A\000n\000a\000l\000y\000s\000i\000s\000\040\000a\000n\000d\000\040\000O\000p\000t\000i\000m\000i\000s\000a\000t\000i\000o\000n}{chapter.8}% 150
\BOOKMARK [2][]{subsection.8.1.1}{\376\377\0008\000.\0001\000.\0001\000\040\000P\000r\000o\000f\000i\000l\000i\000n\000g\000\040\000M\000e\000t\000r\000i\000c\000s}{section.8.1}% 151
\BOOKMARK [2][]{subsection.8.1.2}{\376\377\0008\000.\0001\000.\0002\000\040\000A\000R\000M\000\040\000C\000o\000r\000t\000e\000x\000-\000M\000\040\000D\000W\000T\000\040\000C\000y\000c\000l\000e\000\040\000C\000o\000u\000n\000t\000e\000r}{section.8.1}% 152
\BOOKMARK [2][]{subsection.8.1.3}{\376\377\0008\000.\0001\000.\0003\000\040\000M\000e\000m\000o\000r\000y\000\040\000A\000n\000a\000l\000y\000s\000i\000s}{section.8.1}% 153
\BOOKMARK [2][]{subsection.8.1.4}{\376\377\0008\000.\0001\000.\0004\000\040\000O\000p\000t\000i\000m\000i\000s\000a\000t\000i\000o\000n\000\040\000T\000e\000c\000h\000n\000i\000q\000u\000e\000s}{section.8.1}% 154
\BOOKMARK [1][]{section.8.2}{\376\377\0008\000.\0002\000\040\000F\000a\000i\000l\000u\000r\000e\000\040\000M\000o\000d\000e\000\040\000a\000n\000d\000\040\000E\000f\000f\000e\000c\000t\000s\000\040\000A\000n\000a\000l\000y\000s\000i\000s\000\040\000\050\000F\000M\000E\000A\000\051}{chapter.8}% 155
\BOOKMARK [1][]{section.8.3}{\376\377\0008\000.\0003\000\040\000R\000e\000l\000i\000a\000b\000i\000l\000i\000t\000y\000\040\000a\000n\000d\000\040\000A\000v\000a\000i\000l\000a\000b\000i\000l\000i\000t\000y}{chapter.8}% 156
\BOOKMARK [2][]{subsection.8.3.1}{\376\377\0008\000.\0003\000.\0001\000\040\000B\000a\000t\000h\000t\000u\000b\000\040\000C\000u\000r\000v\000e}{section.8.3}% 157
\BOOKMARK [2][]{subsection.8.3.2}{\376\377\0008\000.\0003\000.\0002\000\040\000R\000e\000d\000u\000n\000d\000a\000n\000c\000y\000:\000\040\000T\000r\000i\000p\000l\000e\000\040\000M\000o\000d\000u\000l\000a\000r\000\040\000R\000e\000d\000u\000n\000d\000a\000n\000c\000y\000\040\000\050\000T\000M\000R\000\051}{section.8.3}% 158
\BOOKMARK [1][]{section.8.4}{\376\377\0008\000.\0004\000\040\000F\000o\000r\000m\000a\000l\000\040\000V\000e\000r\000i\000f\000i\000c\000a\000t\000i\000o\000n}{chapter.8}% 159
\BOOKMARK [2][]{subsection.8.4.1}{\376\377\0008\000.\0004\000.\0001\000\040\000M\000o\000d\000e\000l\000\040\000C\000h\000e\000c\000k\000i\000n\000g\000\040\000w\000i\000t\000h\000\040\000S\000P\000I\000N\000\040\000a\000n\000d\000\040\000P\000r\000o\000m\000e\000l\000a}{section.8.4}% 160
\BOOKMARK [2][]{subsection.8.4.2}{\376\377\0008\000.\0004\000.\0002\000\040\000T\000e\000m\000p\000o\000r\000a\000l\000\040\000L\000o\000g\000i\000c}{section.8.4}% 161
\BOOKMARK [2][]{subsection.8.4.3}{\376\377\0008\000.\0004\000.\0003\000\040\000T\000i\000m\000e\000d\000\040\000A\000u\000t\000o\000m\000a\000t\000a\000\040\000a\000n\000d\000\040\000U\000P\000P\000A\000A\000L}{section.8.4}% 162
\BOOKMARK [1][]{section.8.5}{\376\377\0008\000.\0005\000\040\000M\000I\000S\000R\000A\000-\000C\000\040\000G\000u\000i\000d\000e\000l\000i\000n\000e\000s}{chapter.8}% 163
\BOOKMARK [2][]{subsection.8.5.1}{\376\377\0008\000.\0005\000.\0001\000\040\000C\000R\000C\000\040\000f\000o\000r\000\040\000D\000a\000t\000a\000\040\000I\000n\000t\000e\000g\000r\000i\000t\000y}{section.8.5}% 164
\BOOKMARK [1][]{section.8.6}{\376\377\0008\000.\0006\000\040\000W\000o\000r\000k\000e\000d\000\040\000E\000x\000a\000m\000p\000l\000e\000s}{chapter.8}% 165
\BOOKMARK [1][]{section.8.7}{\376\377\0008\000.\0007\000\040\000P\000r\000a\000c\000t\000i\000c\000e\000\040\000P\000r\000o\000b\000l\000e\000m\000s}{chapter.8}% 166
\BOOKMARK [0][]{chapter.9}{\376\377\0009\000\040\000M\000o\000d\000e\000l\000i\000n\000g\000\040\000o\000f\000\040\000E\000m\000b\000e\000d\000d\000e\000d\000\040\000S\000y\000s\000t\000e\000m\000s}{}% 167
\BOOKMARK [1][]{section.9.1}{\376\377\0009\000.\0001\000\040\000U\000M\000L\000\040\000f\000o\000r\000\040\000E\000m\000b\000e\000d\000d\000e\000d\000\040\000S\000y\000s\000t\000e\000m\000s}{chapter.9}% 168
\BOOKMARK [2][]{subsection.9.1.1}{\376\377\0009\000.\0001\000.\0001\000\040\000U\000M\000L\000\040\000C\000l\000a\000s\000s\000\040\000D\000i\000a\000g\000r\000a\000m}{section.9.1}% 169
\BOOKMARK [2][]{subsection.9.1.2}{\376\377\0009\000.\0001\000.\0002\000\040\000U\000M\000L\000\040\000S\000e\000q\000u\000e\000n\000c\000e\000\040\000D\000i\000a\000g\000r\000a\000m}{section.9.1}% 170
\BOOKMARK [1][]{section.9.2}{\376\377\0009\000.\0002\000\040\000F\000i\000n\000i\000t\000e\000\040\000S\000t\000a\000t\000e\000\040\000M\000a\000c\000h\000i\000n\000e\000s\000\040\000\050\000F\000S\000M\000s\000\051}{chapter.9}% 171
\BOOKMARK [2][]{subsection.9.2.1}{\376\377\0009\000.\0002\000.\0001\000\040\000M\000e\000a\000l\000y\000\040\000v\000s\000.\000\040\000M\000o\000o\000r\000e\000\040\000M\000a\000c\000h\000i\000n\000e\000s}{section.9.2}% 172
\BOOKMARK [2][]{subsection.9.2.2}{\376\377\0009\000.\0002\000.\0002\000\040\000E\000x\000a\000m\000p\000l\000e\000:\000\040\000T\000r\000a\000f\000f\000i\000c\000\040\000L\000i\000g\000h\000t\000\040\000C\000o\000n\000t\000r\000o\000l\000l\000e\000r\000\040\000F\000S\000M}{section.9.2}% 173
\BOOKMARK [1][]{section.9.3}{\376\377\0009\000.\0003\000\040\000F\000S\000M\000\040\000I\000m\000p\000l\000e\000m\000e\000n\000t\000a\000t\000i\000o\000n\000\040\000i\000n\000\040\000C}{chapter.9}% 174
\BOOKMARK [2][]{subsection.9.3.1}{\376\377\0009\000.\0003\000.\0001\000\040\000S\000w\000i\000t\000c\000h\000-\000C\000a\000s\000e\000\040\000I\000m\000p\000l\000e\000m\000e\000n\000t\000a\000t\000i\000o\000n}{section.9.3}% 175
\BOOKMARK [2][]{subsection.9.3.2}{\376\377\0009\000.\0003\000.\0002\000\040\000F\000u\000n\000c\000t\000i\000o\000n\000\040\000P\000o\000i\000n\000t\000e\000r\000\040\000T\000a\000b\000l\000e\000\040\000I\000m\000p\000l\000e\000m\000e\000n\000t\000a\000t\000i\000o\000n}{section.9.3}% 176
\BOOKMARK [1][]{section.9.4}{\376\377\0009\000.\0004\000\040\000H\000i\000e\000r\000a\000r\000c\000h\000i\000c\000a\000l\000\040\000S\000t\000a\000t\000e\000\040\000M\000a\000c\000h\000i\000n\000e\000s\000\040\000\050\000H\000S\000M\000s\000\051}{chapter.9}% 177
\BOOKMARK [2][]{subsection.9.4.1}{\376\377\0009\000.\0004\000.\0001\000\040\000S\000t\000a\000t\000e\000c\000h\000a\000r\000t\000\040\000E\000x\000a\000m\000p\000l\000e\000:\000\040\000M\000o\000t\000o\000r\000\040\000C\000o\000n\000t\000r\000o\000l\000l\000e\000r}{section.9.4}% 178
\BOOKMARK [2][]{subsection.9.4.2}{\376\377\0009\000.\0004\000.\0002\000\040\000H\000S\000M\000\040\000I\000m\000p\000l\000e\000m\000e\000n\000t\000a\000t\000i\000o\000n\000\040\000A\000p\000p\000r\000o\000a\000c\000h}{section.9.4}% 179
\BOOKMARK [1][]{section.9.5}{\376\377\0009\000.\0005\000\040\000S\000t\000a\000t\000e\000\040\000F\000l\000o\000w\000\040\000M\000o\000d\000e\000l\000s}{chapter.9}% 180
\BOOKMARK [2][]{subsection.9.5.1}{\376\377\0009\000.\0005\000.\0001\000\040\000S\000t\000a\000t\000e\000f\000l\000o\000w\000\040\000i\000n\000\040\000S\000i\000m\000u\000l\000i\000n\000k}{section.9.5}% 181
\BOOKMARK [2][]{subsection.9.5.2}{\376\377\0009\000.\0005\000.\0002\000\040\000M\000o\000d\000e\000l\000-\000D\000r\000i\000v\000e\000n\000\040\000D\000e\000v\000e\000l\000o\000p\000m\000e\000n\000t\000\040\000W\000o\000r\000k\000f\000l\000o\000w}{section.9.5}% 182
\BOOKMARK [1][]{section.9.6}{\376\377\0009\000.\0006\000\040\000W\000o\000r\000k\000e\000d\000\040\000E\000x\000a\000m\000p\000l\000e\000s}{chapter.9}% 183
\BOOKMARK [1][]{section.9.7}{\376\377\0009\000.\0007\000\040\000P\000r\000a\000c\000t\000i\000c\000e\000\040\000P\000r\000o\000b\000l\000e\000m\000s}{chapter.9}% 184
\BOOKMARK [0][]{chapter*.52}{\376\377\000R\000e\000f\000e\000r\000e\000n\000c\000e\000s}{}% 185
